
5월 17, 2022 09:00:37.924 NEW SESSION
5월 17, 2022 09:00:37.924 [2620:7096:0517/090037.922:ERROR:device_event_log_impl.cc(214)] [09:00:37.922] Bluetooth: bluetooth_adapter_winrt.cc:1075 Getting Default Adapter failed.
5월 17, 2022 17:12:33.706 [4604:4220:0517/171233.706:ERROR:device_event_log_impl.cc(214)] [17:12:33.706] Bluetooth: bluetooth_adapter_winrt.cc:1075 Getting Default Adapter failed.
5월 17, 2022 17:13:08.223 [9132:12048:0517/171308.223:ERROR:device_event_log_impl.cc(214)] [17:13:08.223] Bluetooth: bluetooth_adapter_winrt.cc:1075 Getting Default Adapter failed.

5월 18, 2022 08:58:07.713 NEW SESSION
5월 18, 2022 08:58:07.713 [6932:11032:0518/085807.711:ERROR:device_event_log_impl.cc(214)] [08:58:07.711] Bluetooth: bluetooth_adapter_winrt.cc:1075 Getting Default Adapter failed.

5월 19, 2022 09:10:50.345 NEW SESSION
5월 19, 2022 09:10:50.345 [4268:2788:0519/091050.343:ERROR:device_event_log_impl.cc(214)] [09:10:50.343] Bluetooth: bluetooth_adapter_winrt.cc:1075 Getting Default Adapter failed.

5월 19, 2022 15:41:09.567 NEW SESSION
5월 19, 2022 15:41:09.567 [4004:6408:0519/154109.565:ERROR:device_event_log_impl.cc(214)] [15:41:09.565] Bluetooth: bluetooth_adapter_winrt.cc:1075 Getting Default Adapter failed.
5월 19, 2022 15:41:16.756 [13564:8620:0519/154116.756:ERROR:device_event_log_impl.cc(214)] [15:41:16.757] Bluetooth: bluetooth_adapter_winrt.cc:1075 Getting Default Adapter failed.
5월 19, 2022 15:41:46.576 [7396:14460:0519/154146.575:ERROR:device_event_log_impl.cc(214)] [15:41:46.575] Bluetooth: bluetooth_adapter_winrt.cc:1075 Getting Default Adapter failed.
5월 19, 2022 15:42:57.784 [17360:7172:0519/154257.783:ERROR:device_event_log_impl.cc(214)] [15:42:57.784] Bluetooth: bluetooth_adapter_winrt.cc:1075 Getting Default Adapter failed.
5월 19, 2022 15:43:54.471 [17360:16768:0519/154354.470:ERROR:util.cc(126)] Can't create base directory: C:\Program Files\Google\GoogleUpdater
5월 19, 2022 15:45:27.72 [17332:13424:0519/154527.072:ERROR:device_event_log_impl.cc(214)] [15:45:27.072] Bluetooth: bluetooth_adapter_winrt.cc:1075 Getting Default Adapter failed.
5월 19, 2022 15:46:24.869 [17332:16000:0519/154624.869:ERROR:util.cc(126)] Can't create base directory: C:\Program Files\Google\GoogleUpdater
5월 19, 2022 16:12:01.101 [10232:15080:0519/161201.100:ERROR:device_event_log_impl.cc(214)] [16:12:01.101] Bluetooth: bluetooth_adapter_winrt.cc:1075 Getting Default Adapter failed.
5월 19, 2022 16:12:59.01 [10232:14880:0519/161259.000:ERROR:util.cc(126)] Can't create base directory: C:\Program Files\Google\GoogleUpdater

5월 20, 2022 16:46:26.429 NEW SESSION
5월 20, 2022 16:46:26.429 [932:13876:0520/164626.428:ERROR:device_event_log_impl.cc(214)] [16:46:26.429] Bluetooth: bluetooth_adapter_winrt.cc:1075 Getting Default Adapter failed.
5월 20, 2022 16:47:24.202 [932:11136:0520/164724.202:ERROR:util.cc(126)] Can't create base directory: C:\Program Files\Google\GoogleUpdater

5월 24, 2022 15:15:21.520 NEW SESSION
5월 24, 2022 15:15:21.520 [5896:4508:0524/151521.518:ERROR:device_event_log_impl.cc(214)] [15:15:21.518] Bluetooth: bluetooth_adapter_winrt.cc:1075 Getting Default Adapter failed.
5월 24, 2022 15:16:18.40 [5896:1512:0524/151618.040:ERROR:util.cc(126)] Can't create base directory: C:\Program Files\Google\GoogleUpdater

5월 25, 2022 15:49:51.416 NEW SESSION
5월 25, 2022 15:49:51.416 [768:3616:0525/154951.414:ERROR:device_event_log_impl.cc(214)] [15:49:51.413] Bluetooth: bluetooth_adapter_winrt.cc:1075 Getting Default Adapter failed.
5월 25, 2022 15:50:44.421 [768:4700:0525/155044.421:ERROR:util.cc(126)] Can't create base directory: C:\Program Files\Google\GoogleUpdater
5월 25, 2022 17:10:28.171 [768:3616:0525/171028.170:ERROR:CONSOLE(1)] "Extension server error: Object not found: <top>", source: devtools://devtools/bundled/devtools-frontend/front_end/models/extensions/extensions.js (1)
5월 25, 2022 17:10:29.179 [768:3616:0525/171029.178:ERROR:CONSOLE(1)] "Extension server error: Object not found: <top>", source: devtools://devtools/bundled/devtools-frontend/front_end/models/extensions/extensions.js (1)
5월 25, 2022 17:10:30.178 [768:3616:0525/171030.177:ERROR:CONSOLE(1)] "Extension server error: Object not found: <top>", source: devtools://devtools/bundled/devtools-frontend/front_end/models/extensions/extensions.js (1)
5월 25, 2022 17:10:31.170 [768:3616:0525/171031.170:ERROR:CONSOLE(1)] "Extension server error: Object not found: <top>", source: devtools://devtools/bundled/devtools-frontend/front_end/models/extensions/extensions.js (1)
5월 25, 2022 17:10:32.182 [768:3616:0525/171032.181:ERROR:CONSOLE(1)] "Extension server error: Object not found: <top>", source: devtools://devtools/bundled/devtools-frontend/front_end/models/extensions/extensions.js (1)
5월 25, 2022 17:10:33.179 [768:3616:0525/171033.179:ERROR:CONSOLE(1)] "Extension server error: Object not found: <top>", source: devtools://devtools/bundled/devtools-frontend/front_end/models/extensions/extensions.js (1)
5월 25, 2022 17:10:34.177 [768:3616:0525/171034.177:ERROR:CONSOLE(1)] "Extension server error: Object not found: <top>", source: devtools://devtools/bundled/devtools-frontend/front_end/models/extensions/extensions.js (1)
5월 25, 2022 17:10:35.185 [768:3616:0525/171035.184:ERROR:CONSOLE(1)] "Extension server error: Object not found: <top>", source: devtools://devtools/bundled/devtools-frontend/front_end/models/extensions/extensions.js (1)
5월 25, 2022 17:10:36.178 [768:3616:0525/171036.178:ERROR:CONSOLE(1)] "Extension server error: Object not found: <top>", source: devtools://devtools/bundled/devtools-frontend/front_end/models/extensions/extensions.js (1)
5월 25, 2022 17:10:37.175 [768:3616:0525/171037.175:ERROR:CONSOLE(1)] "Extension server error: Object not found: <top>", source: devtools://devtools/bundled/devtools-frontend/front_end/models/extensions/extensions.js (1)
5월 25, 2022 17:10:38.178 [768:3616:0525/171038.177:ERROR:CONSOLE(1)] "Extension server error: Object not found: <top>", source: devtools://devtools/bundled/devtools-frontend/front_end/models/extensions/extensions.js (1)

5월 26, 2022 14:15:13.225 NEW SESSION
5월 26, 2022 14:15:13.225 [8636:7436:0526/141513.224:ERROR:device_event_log_impl.cc(214)] [14:15:13.224] Bluetooth: bluetooth_adapter_winrt.cc:1075 Getting Default Adapter failed.
5월 26, 2022 14:16:10.634 [8636:7368:0526/141610.634:ERROR:util.cc(126)] Can't create base directory: C:\Program Files\Google\GoogleUpdater
5월 26, 2022 14:35:37.293 [8796:8120:0526/143537.293:ERROR:device_event_log_impl.cc(214)] [14:35:37.293] Bluetooth: bluetooth_adapter_winrt.cc:1075 Getting Default Adapter failed.
5월 26, 2022 14:36:00.331 [4740:10596:0526/143600.331:ERROR:device_event_log_impl.cc(214)] [14:36:00.330] Bluetooth: bluetooth_adapter_winrt.cc:1075 Getting Default Adapter failed.
5월 26, 2022 14:36:57.83 [4740:10304:0526/143657.083:ERROR:util.cc(126)] Can't create base directory: C:\Program Files\Google\GoogleUpdater

5월 30, 2022 16:45:57.454 NEW SESSION
5월 30, 2022 16:45:57.454 [10460:6952:0530/164557.452:ERROR:device_event_log_impl.cc(214)] [16:45:57.453] Bluetooth: bluetooth_adapter_winrt.cc:1075 Getting Default Adapter failed.
5월 30, 2022 16:46:54.760 [10460:8884:0530/164654.759:ERROR:util.cc(126)] Can't create base directory: C:\Program Files\Google\GoogleUpdater

6월 07, 2022 14:46:22.215 NEW SESSION
6월 07, 2022 14:46:22.216 [6840:1352:0607/144622.214:ERROR:device_event_log_impl.cc(214)] [14:46:22.214] Bluetooth: bluetooth_adapter_winrt.cc:1074 Getting Default Adapter failed.
6월 07, 2022 14:47:15.173 [6840:11064:0607/144715.173:ERROR:util.cc(127)] Can't create base directory: C:\Program Files\Google\GoogleUpdater

6월 08, 2022 14:18:55.59 NEW SESSION
6월 08, 2022 14:18:55.60 [5788:5360:0608/141855.038:ERROR:device_event_log_impl.cc(214)] [14:18:55.039] Bluetooth: bluetooth_adapter_winrt.cc:1074 Getting Default Adapter failed.
6월 08, 2022 14:19:52.908 [5788:6048:0608/141952.907:ERROR:util.cc(127)] Can't create base directory: C:\Program Files\Google\GoogleUpdater
6월 08, 2022 16:22:11.251 [6732:5916:0608/162211.251:ERROR:device_event_log_impl.cc(214)] [16:22:11.251] Bluetooth: bluetooth_adapter_winrt.cc:1074 Getting Default Adapter failed.
6월 08, 2022 16:23:06.142 [6732:5300:0608/162306.141:ERROR:util.cc(127)] Can't create base directory: C:\Program Files\Google\GoogleUpdater

6월 08, 2022 17:16:20.268 NEW SESSION
6월 08, 2022 17:16:20.268 [5528:4136:0608/171620.266:ERROR:device_event_log_impl.cc(214)] [17:16:20.267] Bluetooth: bluetooth_adapter_winrt.cc:1074 Getting Default Adapter failed.
6월 08, 2022 17:17:17.797 [5528:11964:0608/171717.795:ERROR:util.cc(127)] Can't create base directory: C:\Program Files\Google\GoogleUpdater

6월 09, 2022 11:45:45.147 NEW SESSION
6월 09, 2022 11:45:45.147 [4132:8376:0609/114545.146:ERROR:device_event_log_impl.cc(214)] [11:45:45.146] Bluetooth: bluetooth_adapter_winrt.cc:1074 Getting Default Adapter failed.
6월 09, 2022 11:45:57.453 [10140:7620:0609/114557.452:ERROR:device_event_log_impl.cc(214)] [11:45:57.452] Bluetooth: bluetooth_adapter_winrt.cc:1074 Getting Default Adapter failed.
6월 09, 2022 11:46:55.367 [10140:8936:0609/114655.365:ERROR:util.cc(127)] Can't create base directory: C:\Program Files\Google\GoogleUpdater
6월 09, 2022 12:36:25.404 [3536:9388:0609/123625.404:ERROR:device_event_log_impl.cc(214)] [12:36:25.405] Bluetooth: bluetooth_adapter_winrt.cc:1074 Getting Default Adapter failed.
6월 09, 2022 12:37:23.312 [3536:4832:0609/123723.312:ERROR:util.cc(127)] Can't create base directory: C:\Program Files\Google\GoogleUpdater
6월 09, 2022 15:44:38.566 [13952:3296:0609/154438.566:ERROR:device_event_log_impl.cc(214)] [15:44:38.566] Bluetooth: bluetooth_adapter_winrt.cc:1074 Getting Default Adapter failed.
6월 09, 2022 15:45:36.228 [13952:6336:0609/154536.226:ERROR:util.cc(127)] Can't create base directory: C:\Program Files\Google\GoogleUpdater

6월 09, 2022 17:09:27.128 NEW SESSION
6월 09, 2022 17:09:27.128 [14256:3252:0609/170927.127:ERROR:device_event_log_impl.cc(214)] [17:09:27.126] Bluetooth: bluetooth_adapter_winrt.cc:1074 Getting Default Adapter failed.

6월 10, 2022 16:02:54.513 NEW SESSION
6월 10, 2022 16:02:54.513 [13544:7136:0610/160254.511:ERROR:device_event_log_impl.cc(214)] [16:02:54.511] Bluetooth: bluetooth_adapter_winrt.cc:1074 Getting Default Adapter failed.
6월 10, 2022 16:03:50.416 [13544:14208:0610/160350.415:ERROR:util.cc(127)] Can't create base directory: C:\Program Files\Google\GoogleUpdater
6월 10, 2022 16:26:02.714 [13544:7136:0610/162602.713:ERROR:interface_endpoint_client.cc(665)] Message 5 rejected by interface blink.mojom.WidgetHost

6월 10, 2022 17:15:31.224 NEW SESSION
6월 10, 2022 17:15:31.225 [14220:4832:0610/171531.223:ERROR:device_event_log_impl.cc(214)] [17:15:31.223] Bluetooth: bluetooth_adapter_winrt.cc:1074 Getting Default Adapter failed.
6월 10, 2022 17:16:27.164 [14220:11256:0610/171627.163:ERROR:util.cc(127)] Can't create base directory: C:\Program Files\Google\GoogleUpdater

6월 13, 2022 11:36:16.987 NEW SESSION
6월 13, 2022 11:36:16.987 [10796:444:0613/113616.985:ERROR:device_event_log_impl.cc(214)] [11:36:16.985] Bluetooth: bluetooth_adapter_winrt.cc:1074 Getting Default Adapter failed.
6월 13, 2022 11:37:14.94 [10796:13360:0613/113714.093:ERROR:util.cc(127)] Can't create base directory: C:\Program Files\Google\GoogleUpdater
6월 13, 2022 12:47:17.194 [10796:444:0613/124717.194:ERROR:interface_endpoint_client.cc(665)] Message 0 rejected by interface blink.mojom.WidgetHost

6월 14, 2022 15:58:26.356 NEW SESSION
6월 14, 2022 15:58:26.356 [900:14116:0614/155826.354:ERROR:device_event_log_impl.cc(214)] [15:58:26.353] Bluetooth: bluetooth_adapter_winrt.cc:1074 Getting Default Adapter failed.
6월 14, 2022 15:59:24.10 [900:7356:0614/155924.009:ERROR:util.cc(127)] Can't create base directory: C:\Program Files\Google\GoogleUpdater

6월 16, 2022 11:29:18.741 NEW SESSION
6월 16, 2022 11:29:18.741 [11704:7348:0616/112918.738:ERROR:device_event_log_impl.cc(214)] [11:29:18.738] Bluetooth: bluetooth_adapter_winrt.cc:1074 Getting Default Adapter failed.
6월 16, 2022 11:30:15.379 [11704:6496:0616/113015.378:ERROR:util.cc(127)] Can't create base directory: C:\Program Files\Google\GoogleUpdater
6월 16, 2022 11:40:51.202 [13896:13192:0616/114051.201:ERROR:device_event_log_impl.cc(214)] [11:40:51.201] Bluetooth: bluetooth_adapter_winrt.cc:1074 Getting Default Adapter failed.
6월 16, 2022 11:41:48.242 [13896:9980:0616/114148.241:ERROR:util.cc(127)] Can't create base directory: C:\Program Files\Google\GoogleUpdater
6월 16, 2022 16:41:48.244 [13896:10724:0616/164148.242:ERROR:util.cc(127)] Can't create base directory: C:\Program Files\Google\GoogleUpdater

6월 21, 2022 08:59:49.423 NEW SESSION
6월 21, 2022 08:59:49.423 [7204:4528:0621/085949.421:ERROR:device_event_log_impl.cc(214)] [08:59:49.422] Bluetooth: bluetooth_adapter_winrt.cc:1074 Getting Default Adapter failed.
6월 21, 2022 09:00:46.143 [7204:11972:0621/090046.142:ERROR:util.cc(127)] Can't create base directory: C:\Program Files\Google\GoogleUpdater

6월 23, 2022 17:16:23.343 NEW SESSION
6월 23, 2022 17:16:23.343 [9204:5704:0623/171623.342:ERROR:device_event_log_impl.cc(214)] [17:16:23.342] Bluetooth: bluetooth_adapter_winrt.cc:1074 Getting Default Adapter failed.

6월 24, 2022 11:35:31.692 NEW SESSION
6월 24, 2022 11:35:31.692 [2516:2224:0624/113531.691:ERROR:device_event_log_impl.cc(214)] [11:35:31.691] Bluetooth: bluetooth_adapter_winrt.cc:1074 Getting Default Adapter failed.
6월 24, 2022 11:36:29.499 [2516:3964:0624/113629.498:ERROR:util.cc(127)] Can't create base directory: C:\Program Files\Google\GoogleUpdater
6월 24, 2022 13:00:18.611 [508:6876:0624/130018.611:ERROR:device_event_log_impl.cc(214)] [13:00:18.610] Bluetooth: bluetooth_adapter_winrt.cc:1074 Getting Default Adapter failed.
6월 24, 2022 13:01:15.479 [508:3684:0624/130115.479:ERROR:util.cc(127)] Can't create base directory: C:\Program Files\Google\GoogleUpdater
6월 24, 2022 13:04:41.365 [11916:12808:0624/130441.364:ERROR:device_event_log_impl.cc(214)] [13:04:41.364] Bluetooth: bluetooth_adapter_winrt.cc:1074 Getting Default Adapter failed.
6월 24, 2022 13:05:38.436 [11916:8584:0624/130538.435:ERROR:util.cc(127)] Can't create base directory: C:\Program Files\Google\GoogleUpdater

6월 27, 2022 09:21:29.615 NEW SESSION
6월 27, 2022 09:21:29.615 [6900:12852:0627/092129.613:ERROR:device_event_log_impl.cc(214)] [09:21:29.614] Bluetooth: bluetooth_adapter_winrt.cc:1074 Getting Default Adapter failed.

6월 27, 2022 20:52:53.190 NEW SESSION
6월 27, 2022 20:52:53.190 [5264:11504:0627/205253.189:ERROR:util.cc(127)] Can't create base directory: C:\Program Files\Google\GoogleUpdater

6월 28, 2022 09:14:42.653 NEW SESSION
6월 28, 2022 09:14:42.653 [2100:10464:0628/091442.651:ERROR:device_event_log_impl.cc(214)] [09:14:42.651] Bluetooth: bluetooth_adapter_winrt.cc:1074 Getting Default Adapter failed.

6월 29, 2022 16:52:23.599 NEW SESSION
6월 29, 2022 16:52:23.599 [6840:6804:0629/165223.597:ERROR:device_event_log_impl.cc(214)] [16:52:23.597] Bluetooth: bluetooth_adapter_winrt.cc:1074 Getting Default Adapter failed.
